<?xml version="1.0" encoding="UTF-8" ?>
<testsuite tests="1" failures="1" name="ec.edu.espe.AirporTaxiScheduling.controller.TravelerdbControllerTest" time="1.937" errors="0" skipped="0">
  <properties>
    <property name="java.runtime.name" value="Java(TM) SE Runtime Environment"/>
    <property name="java.vm.version" value="19.0.1+10-21"/>
    <property name="sun.boot.library.path" value="C:\Program Files\Java\jdk-19\bin"/>
    <property name="maven.multiModuleProjectDirectory" value="C:\Users\justi\OneDrive\Documentos\OOP Progress Team\T10-ProgressTeam\06-Code\AirportTaxiSchedulingV3.1.0"/>
    <property name="java.vm.vendor" value="Oracle Corporation"/>
    <property name="java.vendor.url" value="https://java.oracle.com/"/>
    <property name="guice.disable.misplaced.annotation.check" value="true"/>
    <property name="path.separator" value=";"/>
    <property name="java.vm.name" value="Java HotSpot(TM) 64-Bit Server VM"/>
    <property name="sun.os.patch.level" value=""/>
    <property name="user.script" value=""/>
    <property name="user.country" value="419"/>
    <property name="sun.java.launcher" value="SUN_STANDARD"/>
    <property name="test" value="ec.edu.espe.AirporTaxiScheduling.controller.TravelerdbControllerTest"/>
    <property name="java.vm.specification.name" value="Java Virtual Machine Specification"/>
    <property name="user.dir" value="C:\Users\justi\OneDrive\Documentos\OOP Progress Team\T10-ProgressTeam\06-Code\AirportTaxiSchedulingV3.1.0"/>
    <property name="java.vm.compressedOopsMode" value="32-bit"/>
    <property name="java.runtime.version" value="19.0.1+10-21"/>
    <property name="os.arch" value="amd64"/>
    <property name="java.io.tmpdir" value="C:\Users\justi\AppData\Local\Temp\"/>
    <property name="line.separator" value="
"/>
    <property name="java.vm.specification.vendor" value="Oracle Corporation"/>
    <property name="user.variant" value=""/>
    <property name="stderr.encoding" value="Cp1252"/>
    <property name="os.name" value="Windows 11"/>
    <property name="maven.ext.class.path" value="C:\Program Files\NetBeans-15\netbeans\java\maven-nblib\netbeans-eventspy.jar"/>
    <property name="classworlds.conf" value="C:\Program Files\NetBeans-15\netbeans\java\maven\bin\m2.conf"/>
    <property name="sun.jnu.encoding" value="Cp1252"/>
    <property name="stdout.encoding" value="Cp1252"/>
    <property name="java.library.path" value="C:\Program Files\Java\jdk-19\bin;C:\WINDOWS\Sun\Java\bin;C:\WINDOWS\system32;C:\WINDOWS;;C:\Program Files\Common Files\Oracle\Java\javapath;C:\Program Files (x86)\Common Files\Oracle\Java\javapath;C:\Windows\system32;C:\Windows;C:\Windows\System32\Wbem;C:\Windows\System32\WindowsPowerShell\v1.0\;C:\Windows\System32\OpenSSH\;C:\Program Files\NVIDIA Corporation\NVIDIA NvDLISR;C:\WINDOWS\system32;C:\WINDOWS;C:\WINDOWS\System32\Wbem;C:\WINDOWS\System32\WindowsPowerShell\v1.0\;C:\WINDOWS\System32\OpenSSH\;C:\Program Files\dotnet\;C:\Program Files\Git\cmd;C:\Program Files (x86)\NVIDIA Corporation\PhysX\Common;C:\Program Files\Microsoft SQL Server\150\Tools\Binn\;C:\Program Files\Microsoft SQL Server\Client SDK\ODBC\170\Tools\Binn\;C:\Users\justi\AppData\Local\Microsoft\WindowsApps;C:\Users\justi\.dotnet\tools;."/>
    <property name="maven.conf" value="C:\Program Files\NetBeans-15\netbeans\java\maven/conf"/>
    <property name="jdk.debug" value="release"/>
    <property name="java.class.version" value="63.0"/>
    <property name="java.specification.name" value="Java Platform API Specification"/>
    <property name="sun.management.compiler" value="HotSpot 64-Bit Tiered Compilers"/>
    <property name="os.version" value="10.0"/>
    <property name="library.jansi.path" value="C:\Program Files\NetBeans-15\netbeans\java\maven\lib\jansi-native"/>
    <property name="user.home" value="C:\Users\justi"/>
    <property name="user.timezone" value="America/Bogota"/>
    <property name="file.encoding" value="UTF-8"/>
    <property name="java.specification.version" value="19"/>
    <property name="user.name" value="justi"/>
    <property name="java.class.path" value="C:\Program Files\NetBeans-15\netbeans\java\maven\boot\plexus-classworlds-2.6.0.jar"/>
    <property name="java.vm.specification.version" value="19"/>
    <property name="sun.arch.data.model" value="64"/>
    <property name="sun.java.command" value="org.codehaus.plexus.classworlds.launcher.Launcher -Dtest=ec.edu.espe.AirporTaxiScheduling.controller.TravelerdbControllerTest -Dmaven.ext.class.path=C:\Program Files\NetBeans-15\netbeans\java\maven-nblib\netbeans-eventspy.jar surefire:test"/>
    <property name="java.home" value="C:\Program Files\Java\jdk-19"/>
    <property name="user.language" value="es"/>
    <property name="java.specification.vendor" value="Oracle Corporation"/>
    <property name="java.vm.info" value="mixed mode, sharing"/>
    <property name="java.version" value="19.0.1"/>
    <property name="native.encoding" value="Cp1252"/>
    <property name="java.vendor" value="Oracle Corporation"/>
    <property name="maven.home" value="C:\Program Files\NetBeans-15\netbeans\java\maven"/>
    <property name="file.separator" value="\"/>
    <property name="java.version.date" value="2022-10-18"/>
    <property name="java.vendor.url.bug" value="https://bugreport.java.com/bugreport/"/>
    <property name="sun.io.unicode.encoding" value="UnicodeLittle"/>
    <property name="sun.cpu.endian" value="little"/>
    <property name="sun.cpu.isalist" value="amd64"/>
  </properties>
  <testcase classname="ec.edu.espe.AirporTaxiScheduling.controller.TravelerdbControllerTest" name="testFindDocumentdb" time="1.937">
    <failure message="expected: ec.edu.espe.AirporTaxiScheduling.model.Traveler&lt;Traveler{id=2Person{name=Justin Villarroel, phoneNumber=996459938, mail=justinv2023@hotmail.com}, outstandingBalance=72.4, birthdayDay=6, birthdayMonth=9, year=2003}&gt; but was: ec.edu.espe.AirporTaxiScheduling.model.Traveler&lt;Traveler{id=2Person{name=Justin Villarroel, phoneNumber=996459938, mail=justinv2023@hotmail.com}, outstandingBalance=72.4, birthdayDay=6, birthdayMonth=9, year=2003}&gt;" type="java.lang.AssertionError">java.lang.AssertionError: expected: ec.edu.espe.AirporTaxiScheduling.model.Traveler&lt;Traveler{id=2Person{name=Justin Villarroel, phoneNumber=996459938, mail=justinv2023@hotmail.com}, outstandingBalance=72.4, birthdayDay=6, birthdayMonth=9, year=2003}&gt; but was: ec.edu.espe.AirporTaxiScheduling.model.Traveler&lt;Traveler{id=2Person{name=Justin Villarroel, phoneNumber=996459938, mail=justinv2023@hotmail.com}, outstandingBalance=72.4, birthdayDay=6, birthdayMonth=9, year=2003}&gt;
	at org.junit.Assert.fail(Assert.java:88)
	at org.junit.Assert.failNotEquals(Assert.java:834)
	at org.junit.Assert.assertEquals(Assert.java:118)
	at org.junit.Assert.assertEquals(Assert.java:144)
	at ec.edu.espe.AirporTaxiScheduling.controller.TravelerdbControllerTest.testFindDocumentdb(TravelerdbControllerTest.java:58)
	at java.base/jdk.internal.reflect.DirectMethodHandleAccessor.invoke(DirectMethodHandleAccessor.java:104)
	at java.base/java.lang.reflect.Method.invoke(Method.java:578)
	at org.junit.runners.model.FrameworkMethod$1.runReflectiveCall(FrameworkMethod.java:50)
	at org.junit.internal.runners.model.ReflectiveCallable.run(ReflectiveCallable.java:12)
	at org.junit.runners.model.FrameworkMethod.invokeExplosively(FrameworkMethod.java:47)
	at org.junit.internal.runners.statements.InvokeMethod.evaluate(InvokeMethod.java:17)
	at org.junit.internal.runners.statements.RunBefores.evaluate(RunBefores.java:26)
	at org.junit.internal.runners.statements.RunAfters.evaluate(RunAfters.java:27)
	at org.junit.runners.ParentRunner.runLeaf(ParentRunner.java:325)
	at org.junit.runners.BlockJUnit4ClassRunner.runChild(BlockJUnit4ClassRunner.java:78)
	at org.junit.runners.BlockJUnit4ClassRunner.runChild(BlockJUnit4ClassRunner.java:57)
	at org.junit.runners.ParentRunner$3.run(ParentRunner.java:290)
	at org.junit.runners.ParentRunner$1.schedule(ParentRunner.java:71)
	at org.junit.runners.ParentRunner.runChildren(ParentRunner.java:288)
	at org.junit.runners.ParentRunner.access$000(ParentRunner.java:58)
	at org.junit.runners.ParentRunner$2.evaluate(ParentRunner.java:268)
	at org.junit.internal.runners.statements.RunBefores.evaluate(RunBefores.java:26)
	at org.junit.internal.runners.statements.RunAfters.evaluate(RunAfters.java:27)
	at org.junit.runners.ParentRunner.run(ParentRunner.java:363)
	at org.apache.maven.surefire.junit4.JUnit4Provider.execute(JUnit4Provider.java:252)
	at org.apache.maven.surefire.junit4.JUnit4Provider.executeTestSet(JUnit4Provider.java:141)
	at org.apache.maven.surefire.junit4.JUnit4Provider.invoke(JUnit4Provider.java:112)
	at java.base/jdk.internal.reflect.DirectMethodHandleAccessor.invoke(DirectMethodHandleAccessor.java:104)
	at java.base/java.lang.reflect.Method.invoke(Method.java:578)
	at org.apache.maven.surefire.util.ReflectionUtils.invokeMethodWithArray(ReflectionUtils.java:189)
	at org.apache.maven.surefire.booter.ProviderFactory$ProviderProxy.invoke(ProviderFactory.java:165)
	at org.apache.maven.surefire.booter.ProviderFactory.invokeProvider(ProviderFactory.java:85)
	at org.apache.maven.surefire.booter.ForkedBooter.runSuitesInProcess(ForkedBooter.java:115)
	at org.apache.maven.surefire.booter.ForkedBooter.main(ForkedBooter.java:75)
</failure>
    <system-out>findDocumentdb
</system-out>
    <system-err>[main] INFO org.mongodb.driver.cluster - Cluster created with settings {hosts=[127.0.0.1:27017], srvHost=espe2210-oopsw7996.77wv341.mongodb.net, mode=MULTIPLE, requiredClusterType=REPLICA_SET, serverSelectionTimeout=&apos;30000 ms&apos;, requiredReplicaSetName=&apos;atlas-zcwr2z-shard-0&apos;}
[cluster-ClusterId{value=&apos;63fee3ee261ee80280126d3f&apos;, description=&apos;null&apos;}-srv-espe2210-oopsw7996.77wv341.mongodb.net] INFO org.mongodb.driver.cluster - Adding discovered server ac-uq6okei-shard-00-02.77wv341.mongodb.net:27017 to client view of cluster
[cluster-ClusterId{value=&apos;63fee3ee261ee80280126d3f&apos;, description=&apos;null&apos;}-srv-espe2210-oopsw7996.77wv341.mongodb.net] INFO org.mongodb.driver.cluster - Adding discovered server ac-uq6okei-shard-00-00.77wv341.mongodb.net:27017 to client view of cluster
[main] INFO org.mongodb.driver.cluster - Cluster description not yet available. Waiting for 30000 ms before timing out
[cluster-ClusterId{value=&apos;63fee3ee261ee80280126d3f&apos;, description=&apos;null&apos;}-srv-espe2210-oopsw7996.77wv341.mongodb.net] INFO org.mongodb.driver.cluster - Adding discovered server ac-uq6okei-shard-00-01.77wv341.mongodb.net:27017 to client view of cluster
[main] INFO org.mongodb.driver.cluster - No server chosen by com.mongodb.client.internal.MongoClientDelegate$1@5c90e579 from cluster description ClusterDescription{type=REPLICA_SET, connectionMode=MULTIPLE, serverDescriptions=[ServerDescription{address=ac-uq6okei-shard-00-02.77wv341.mongodb.net:27017, type=UNKNOWN, state=CONNECTING}, ServerDescription{address=ac-uq6okei-shard-00-00.77wv341.mongodb.net:27017, type=UNKNOWN, state=CONNECTING}, ServerDescription{address=ac-uq6okei-shard-00-01.77wv341.mongodb.net:27017, type=UNKNOWN, state=CONNECTING}]}. Waiting for 30000 ms before timing out
[cluster-rtt-ClusterId{value=&apos;63fee3ee261ee80280126d3f&apos;, description=&apos;null&apos;}-ac-uq6okei-shard-00-01.77wv341.mongodb.net:27017] INFO org.mongodb.driver.connection - Opened connection [connectionId{localValue:4, serverValue:57114}] to ac-uq6okei-shard-00-01.77wv341.mongodb.net:27017
[cluster-ClusterId{value=&apos;63fee3ee261ee80280126d3f&apos;, description=&apos;null&apos;}-ac-uq6okei-shard-00-01.77wv341.mongodb.net:27017] INFO org.mongodb.driver.connection - Opened connection [connectionId{localValue:5, serverValue:57114}] to ac-uq6okei-shard-00-01.77wv341.mongodb.net:27017
[cluster-rtt-ClusterId{value=&apos;63fee3ee261ee80280126d3f&apos;, description=&apos;null&apos;}-ac-uq6okei-shard-00-02.77wv341.mongodb.net:27017] INFO org.mongodb.driver.connection - Opened connection [connectionId{localValue:6, serverValue:54314}] to ac-uq6okei-shard-00-02.77wv341.mongodb.net:27017
[cluster-rtt-ClusterId{value=&apos;63fee3ee261ee80280126d3f&apos;, description=&apos;null&apos;}-ac-uq6okei-shard-00-00.77wv341.mongodb.net:27017] INFO org.mongodb.driver.connection - Opened connection [connectionId{localValue:3, serverValue:54648}] to ac-uq6okei-shard-00-00.77wv341.mongodb.net:27017
[cluster-ClusterId{value=&apos;63fee3ee261ee80280126d3f&apos;, description=&apos;null&apos;}-ac-uq6okei-shard-00-00.77wv341.mongodb.net:27017] INFO org.mongodb.driver.connection - Opened connection [connectionId{localValue:2, serverValue:54648}] to ac-uq6okei-shard-00-00.77wv341.mongodb.net:27017
[cluster-ClusterId{value=&apos;63fee3ee261ee80280126d3f&apos;, description=&apos;null&apos;}-ac-uq6okei-shard-00-02.77wv341.mongodb.net:27017] INFO org.mongodb.driver.connection - Opened connection [connectionId{localValue:1, serverValue:54315}] to ac-uq6okei-shard-00-02.77wv341.mongodb.net:27017
[cluster-ClusterId{value=&apos;63fee3ee261ee80280126d3f&apos;, description=&apos;null&apos;}-ac-uq6okei-shard-00-01.77wv341.mongodb.net:27017] INFO org.mongodb.driver.cluster - Monitor thread successfully connected to server with description ServerDescription{address=ac-uq6okei-shard-00-01.77wv341.mongodb.net:27017, type=REPLICA_SET_PRIMARY, state=CONNECTED, ok=true, minWireVersion=0, maxWireVersion=13, maxDocumentSize=16777216, logicalSessionTimeoutMinutes=30, roundTripTimeNanos=425661000, setName=&apos;atlas-zcwr2z-shard-0&apos;, canonicalAddress=ac-uq6okei-shard-00-01.77wv341.mongodb.net:27017, hosts=[ac-uq6okei-shard-00-02.77wv341.mongodb.net:27017, ac-uq6okei-shard-00-01.77wv341.mongodb.net:27017, ac-uq6okei-shard-00-00.77wv341.mongodb.net:27017], passives=[], arbiters=[], primary=&apos;ac-uq6okei-shard-00-01.77wv341.mongodb.net:27017&apos;, tagSet=TagSet{[Tag{name=&apos;nodeType&apos;, value=&apos;ELECTABLE&apos;}, Tag{name=&apos;provider&apos;, value=&apos;AWS&apos;}, Tag{name=&apos;region&apos;, value=&apos;US_EAST_1&apos;}, Tag{name=&apos;workloadType&apos;, value=&apos;OPERATIONAL&apos;}]}, electionId=7fffffff000000000000009b, setVersion=10, topologyVersion=TopologyVersion{processId=63fd0ca02b1a5fe01df3e5a8, counter=6}, lastWriteDate=Wed Mar 01 00:34:39 COT 2023, lastUpdateTimeNanos=946752896246200}
[cluster-ClusterId{value=&apos;63fee3ee261ee80280126d3f&apos;, description=&apos;null&apos;}-ac-uq6okei-shard-00-02.77wv341.mongodb.net:27017] INFO org.mongodb.driver.cluster - Monitor thread successfully connected to server with description ServerDescription{address=ac-uq6okei-shard-00-02.77wv341.mongodb.net:27017, type=REPLICA_SET_SECONDARY, state=CONNECTED, ok=true, minWireVersion=0, maxWireVersion=13, maxDocumentSize=16777216, logicalSessionTimeoutMinutes=30, roundTripTimeNanos=424946800, setName=&apos;atlas-zcwr2z-shard-0&apos;, canonicalAddress=ac-uq6okei-shard-00-02.77wv341.mongodb.net:27017, hosts=[ac-uq6okei-shard-00-02.77wv341.mongodb.net:27017, ac-uq6okei-shard-00-01.77wv341.mongodb.net:27017, ac-uq6okei-shard-00-00.77wv341.mongodb.net:27017], passives=[], arbiters=[], primary=&apos;ac-uq6okei-shard-00-01.77wv341.mongodb.net:27017&apos;, tagSet=TagSet{[Tag{name=&apos;nodeType&apos;, value=&apos;ELECTABLE&apos;}, Tag{name=&apos;provider&apos;, value=&apos;AWS&apos;}, Tag{name=&apos;region&apos;, value=&apos;US_EAST_1&apos;}, Tag{name=&apos;workloadType&apos;, value=&apos;OPERATIONAL&apos;}]}, electionId=null, setVersion=10, topologyVersion=TopologyVersion{processId=63fd0cfe6952d6382044ca04, counter=3}, lastWriteDate=Wed Mar 01 00:34:39 COT 2023, lastUpdateTimeNanos=946752896246200}
[cluster-ClusterId{value=&apos;63fee3ee261ee80280126d3f&apos;, description=&apos;null&apos;}-ac-uq6okei-shard-00-00.77wv341.mongodb.net:27017] INFO org.mongodb.driver.cluster - Monitor thread successfully connected to server with description ServerDescription{address=ac-uq6okei-shard-00-00.77wv341.mongodb.net:27017, type=REPLICA_SET_SECONDARY, state=CONNECTED, ok=true, minWireVersion=0, maxWireVersion=13, maxDocumentSize=16777216, logicalSessionTimeoutMinutes=30, roundTripTimeNanos=424833300, setName=&apos;atlas-zcwr2z-shard-0&apos;, canonicalAddress=ac-uq6okei-shard-00-00.77wv341.mongodb.net:27017, hosts=[ac-uq6okei-shard-00-02.77wv341.mongodb.net:27017, ac-uq6okei-shard-00-01.77wv341.mongodb.net:27017, ac-uq6okei-shard-00-00.77wv341.mongodb.net:27017], passives=[], arbiters=[], primary=&apos;ac-uq6okei-shard-00-01.77wv341.mongodb.net:27017&apos;, tagSet=TagSet{[Tag{name=&apos;nodeType&apos;, value=&apos;ELECTABLE&apos;}, Tag{name=&apos;provider&apos;, value=&apos;AWS&apos;}, Tag{name=&apos;region&apos;, value=&apos;US_EAST_1&apos;}, Tag{name=&apos;workloadType&apos;, value=&apos;OPERATIONAL&apos;}]}, electionId=null, setVersion=10, topologyVersion=TopologyVersion{processId=63fd0c410ca88cca811ed3c1, counter=4}, lastWriteDate=Wed Mar 01 00:34:39 COT 2023, lastUpdateTimeNanos=946752896246300}
[cluster-ClusterId{value=&apos;63fee3ee261ee80280126d3f&apos;, description=&apos;null&apos;}-ac-uq6okei-shard-00-01.77wv341.mongodb.net:27017] INFO org.mongodb.driver.cluster - Setting max election id to 7fffffff000000000000009b from replica set primary ac-uq6okei-shard-00-01.77wv341.mongodb.net:27017
[cluster-ClusterId{value=&apos;63fee3ee261ee80280126d3f&apos;, description=&apos;null&apos;}-ac-uq6okei-shard-00-01.77wv341.mongodb.net:27017] INFO org.mongodb.driver.cluster - Setting max set version to 10 from replica set primary ac-uq6okei-shard-00-01.77wv341.mongodb.net:27017
[cluster-ClusterId{value=&apos;63fee3ee261ee80280126d3f&apos;, description=&apos;null&apos;}-ac-uq6okei-shard-00-01.77wv341.mongodb.net:27017] INFO org.mongodb.driver.cluster - Discovered replica set primary ac-uq6okei-shard-00-01.77wv341.mongodb.net:27017
[main] INFO org.mongodb.driver.connection - Opened connection [connectionId{localValue:7, serverValue:57085}] to ac-uq6okei-shard-00-01.77wv341.mongodb.net:27017
</system-err>
  </testcase>
</testsuite>